<?xml version="1.0" encoding="UTF-8"?>
<!-- Generated by org.testng.reporters.JUnitReportReporter -->
<testsuite hostname="DESKTOP-KJFDSP7" failures="0" tests="4" name="Cucumber_approach.Simple_API_Methods" time="4.787" errors="0" timestamp="2023-09-27T22:40:48 IST" skipped="0">
  <testcase classname="Cucumber_approach.Simple_API_Methods" name="deletereq" time="0.681"/>
  <system-out/>
  <testcase classname="Cucumber_approach.Simple_API_Methods" name="postrequest" time="1.822"/>
  <system-out/>
  <testcase classname="Cucumber_approach.Simple_API_Methods" name="getrequest" time="1.815"/>
  <system-out/>
  <testcase classname="Cucumber_approach.Simple_API_Methods" name="putdata" time="0.469"/>
  <system-out/>
</testsuite> <!-- Cucumber_approach.Simple_API_Methods -->
